{"C:\\Users\\rageo\\WebstormProjects\\ajs_4\\src\\js\\healthBarState.js": {"path":"C:\\Users\\rageo\\WebstormProjects\\ajs_4\\src\\js\\healthBarState.js","statementMap":{"0":{"start":{"line":2,"column":4},"end":{"line":2,"column":128}}},"fnMap":{"0":{"name":"healthBarState","decl":{"start":{"line":1,"column":16},"end":{"line":1,"column":30}},"loc":{"start":{"line":1,"column":39},"end":{"line":3,"column":1}},"line":1}},"branchMap":{"0":{"loc":{"start":{"line":2,"column":11},"end":{"line":2,"column":127}},"type":"cond-expr","locations":[{"start":{"line":2,"column":26},"end":{"line":2,"column":35}},{"start":{"line":2,"column":38},"end":{"line":2,"column":127}}],"line":2},"1":{"loc":{"start":{"line":2,"column":38},"end":{"line":2,"column":127}},"type":"cond-expr","locations":[{"start":{"line":2,"column":68},"end":{"line":2,"column":77}},{"start":{"line":2,"column":80},"end":{"line":2,"column":127}}],"line":2},"2":{"loc":{"start":{"line":2,"column":38},"end":{"line":2,"column":65}},"type":"binary-expr","locations":[{"start":{"line":2,"column":38},"end":{"line":2,"column":49}},{"start":{"line":2,"column":53},"end":{"line":2,"column":65}}],"line":2},"3":{"loc":{"start":{"line":2,"column":80},"end":{"line":2,"column":127}},"type":"cond-expr","locations":[{"start":{"line":2,"column":108},"end":{"line":2,"column":118}},{"start":{"line":2,"column":121},"end":{"line":2,"column":127}}],"line":2},"4":{"loc":{"start":{"line":2,"column":80},"end":{"line":2,"column":105}},"type":"binary-expr","locations":[{"start":{"line":2,"column":80},"end":{"line":2,"column":91}},{"start":{"line":2,"column":95},"end":{"line":2,"column":105}}],"line":2}},"s":{"0":4},"f":{"0":4},"b":{"0":[1,3],"1":[1,2],"2":[3,3],"3":[1,1],"4":[2,2]},"_coverageSchema":"1a1c01bbd47fc00a2c39e90264f33305004495a9","hash":"acf27b13f6a3b8357fc14752224250c3da13cb1b"}
}
